Build started 4/15/2016 8:15:07 AM.
     1>Project "C:\Users\Cam\Documents\soundprogramming\SoundProgramming\SoundProgramming.vcxproj" on node 2 (Build target(s)).
     1>ClCompile:
         C:\Program Files (x86)\Microsoft Visual Studio 14.0\VC\bin\CL.exe /c /ZI /nologo /W3 /WX- /sdl /Od /Oy- /D GLM_FORCE_PURE /D _MBCS /Gm /EHsc /RTC1 /MDd /GS /fp:precise /Zc:wchar_t /Zc:forScope /Zc:inline /Fo"Debug\\" /Fd"Debug\vc140.pdb" /Gd /TP /analyze- /errorReport:prompt src\SoundClass.cpp
         SoundClass.cpp
       Link:
         C:\Program Files (x86)\Microsoft Visual Studio 14.0\VC\bin\link.exe /ERRORREPORT:PROMPT /OUT:"C:\Users\Cam\Documents\soundprogramming\SoundProgramming\Debug\SoundProgramming.exe" /INCREMENTAL /NOLOGO fmodstudioL_vc.lib fmodL_vc.lib glfw3.lib opengl32.lib kernel32.lib user32.lib gdi32.lib winspool.lib comdlg32.lib advapi32.lib shell32.lib ole32.lib oleaut32.lib uuid.lib odbc32.lib odbccp32.lib /MANIFEST /MANIFESTUAC:"level='asInvoker' uiAccess='false'" /manifest:embed /Debug /PDB:"C:\Users\Cam\Documents\soundprogramming\SoundProgramming\Debug\SoundProgramming.pdb" /TLBID:1 /DYNAMICBASE /NXCOMPAT /IMPLIB:"C:\Users\Cam\Documents\soundprogramming\SoundProgramming\Debug\SoundProgramming.lib" /MACHINE:X86 Debug\Node.obj
         Debug\OpenBox.obj
         Debug\Rect.obj
         Debug\RenderObject.obj
         Debug\BaseObject.obj
         Debug\Room.obj
         Debug\Cube.obj
         Debug\Cylinder.obj
         Debug\imgui.obj
         Debug\imgui_demo.obj
         Debug\imgui_draw.obj
         Debug\imgui_impl_glfw_gl3.obj
         Debug\Sphere.obj
         Debug\GameObject.obj
         Debug\SoundClass.obj
         Debug\Application.obj
         Debug\Camera.obj
         Debug\Gizmos.obj
         Debug\gl_core_4_4.obj
         Debug\main.obj
         Debug\SoundProgramming.obj
         SoundProgramming.vcxproj -> C:\Users\Cam\Documents\soundprogramming\SoundProgramming\Debug\SoundProgramming.exe
     1>Done Building Project "C:\Users\Cam\Documents\soundprogramming\SoundProgramming\SoundProgramming.vcxproj" (Build target(s)).

Build succeeded.

Time Elapsed 00:00:06.79
